<?xml version="1.0" encoding="UTF-8"?>
<testng-results skipped="0" failed="1" ignored="0" total="3" passed="2">
  <reporter-output>
  </reporter-output>
  <suite name="Hub Spot Test Suite" duration-ms="58615" started-at="2019-06-18T10:26:54Z" finished-at="2019-06-18T10:27:53Z">
    <groups>
    </groups>
    <test name="hub spot regression Test" duration-ms="58615" started-at="2019-06-18T10:26:54Z" finished-at="2019-06-18T10:27:53Z">
      <class name="com.qa.hubspot.tests.LoginPageTest">
        <test-method status="PASS" signature="setUp()[pri:0, instance:com.qa.hubspot.tests.LoginPageTest@282308c3]" name="setUp" is-config="true" duration-ms="20944" started-at="2019-06-18T10:26:54Z" finished-at="2019-06-18T10:27:15Z">
          <reporter-output>
          </reporter-output>
        </test-method> <!-- setUp -->
        <test-method status="FAIL" signature="verifyLoginPageTitleTest()[pri:1, instance:com.qa.hubspot.tests.LoginPageTest@282308c3]" name="verifyLoginPageTitleTest" duration-ms="1272" started-at="2019-06-18T10:27:16Z" description="verifying Login page title." finished-at="2019-06-18T10:27:17Z">
          <exception class="java.lang.AssertionError">
            <message>
              <![CDATA[expected [HubSpot Login123] but found [HubSpot Login]]]>
            </message>
            <full-stacktrace>
              <![CDATA[java.lang.AssertionError: expected [HubSpot Login123] but found [HubSpot Login]
at org.testng.Assert.fail(Assert.java:96)
at org.testng.Assert.failNotEquals(Assert.java:776)
at org.testng.Assert.assertEqualsImpl(Assert.java:137)
at org.testng.Assert.assertEquals(Assert.java:118)
at org.testng.Assert.assertEquals(Assert.java:453)
at org.testng.Assert.assertEquals(Assert.java:463)
at com.qa.hubspot.tests.LoginPageTest.verifyLoginPageTitleTest(LoginPageTest.java:45)
at sun.reflect.NativeMethodAccessorImpl.invoke0(Native Method)
at sun.reflect.NativeMethodAccessorImpl.invoke(NativeMethodAccessorImpl.java:62)
at sun.reflect.DelegatingMethodAccessorImpl.invoke(DelegatingMethodAccessorImpl.java:43)
at java.lang.reflect.Method.invoke(Method.java:498)
at org.testng.internal.MethodInvocationHelper.invokeMethod(MethodInvocationHelper.java:124)
at org.testng.internal.Invoker.invokeMethod(Invoker.java:583)
at org.testng.internal.Invoker.invokeTestMethod(Invoker.java:719)
at org.testng.internal.Invoker.invokeTestMethods(Invoker.java:989)
at org.testng.internal.TestMethodWorker.invokeTestMethods(TestMethodWorker.java:125)
at org.testng.internal.TestMethodWorker.run(TestMethodWorker.java:109)
at java.util.concurrent.ThreadPoolExecutor.runWorker(ThreadPoolExecutor.java:1149)
at java.util.concurrent.ThreadPoolExecutor$Worker.run(ThreadPoolExecutor.java:624)
at java.lang.Thread.run(Thread.java:748)
]]>
            </full-stacktrace>
          </exception> <!-- java.lang.AssertionError -->
          <reporter-output>
          </reporter-output>
        </test-method> <!-- verifyLoginPageTitleTest -->
        <test-method status="PASS" signature="tearDown()[pri:0, instance:com.qa.hubspot.tests.LoginPageTest@282308c3]" name="tearDown" is-config="true" duration-ms="999" started-at="2019-06-18T10:27:18Z" finished-at="2019-06-18T10:27:19Z">
          <reporter-output>
          </reporter-output>
        </test-method> <!-- tearDown -->
        <test-method status="PASS" signature="setUp()[pri:0, instance:com.qa.hubspot.tests.LoginPageTest@282308c3]" name="setUp" is-config="true" duration-ms="15388" started-at="2019-06-18T10:27:19Z" finished-at="2019-06-18T10:27:35Z">
          <reporter-output>
          </reporter-output>
        </test-method> <!-- setUp -->
        <test-method status="PASS" signature="verifySignupLinkTest()[pri:2, instance:com.qa.hubspot.tests.LoginPageTest@282308c3]" name="verifySignupLinkTest" duration-ms="300" started-at="2019-06-18T10:27:35Z" description="verify sign up link on Login page." finished-at="2019-06-18T10:27:35Z">
          <reporter-output>
          </reporter-output>
        </test-method> <!-- verifySignupLinkTest -->
        <test-method status="PASS" signature="tearDown()[pri:0, instance:com.qa.hubspot.tests.LoginPageTest@282308c3]" name="tearDown" is-config="true" duration-ms="792" started-at="2019-06-18T10:27:35Z" finished-at="2019-06-18T10:27:36Z">
          <reporter-output>
          </reporter-output>
        </test-method> <!-- tearDown -->
        <test-method status="PASS" signature="setUp()[pri:0, instance:com.qa.hubspot.tests.LoginPageTest@282308c3]" name="setUp" is-config="true" duration-ms="14376" started-at="2019-06-18T10:27:36Z" finished-at="2019-06-18T10:27:50Z">
          <reporter-output>
          </reporter-output>
        </test-method> <!-- setUp -->
        <test-method status="PASS" signature="hubspotLoginTest()[pri:3, instance:com.qa.hubspot.tests.LoginPageTest@282308c3]" name="hubspotLoginTest" duration-ms="1374" started-at="2019-06-18T10:27:50Z" description="verify Login functionality" finished-at="2019-06-18T10:27:52Z">
          <reporter-output>
          </reporter-output>
        </test-method> <!-- hubspotLoginTest -->
        <test-method status="PASS" signature="tearDown()[pri:0, instance:com.qa.hubspot.tests.LoginPageTest@282308c3]" name="tearDown" is-config="true" duration-ms="738" started-at="2019-06-18T10:27:52Z" finished-at="2019-06-18T10:27:53Z">
          <reporter-output>
          </reporter-output>
        </test-method> <!-- tearDown -->
      </class> <!-- com.qa.hubspot.tests.LoginPageTest -->
    </test> <!-- hub spot regression Test -->
  </suite> <!-- Hub Spot Test Suite -->
</testng-results>
